[debug] [2024-04-28T10:06:25.030Z] ----------------------------------------------------------------------
[debug] [2024-04-28T10:06:25.032Z] Command:       C:\Program Files\nodejs\node.exe C:\Users\PC\AppData\Roaming\npm\node_modules\firebase-tools\lib\bin\firebase.js init
[debug] [2024-04-28T10:06:25.033Z] CLI Version:   13.7.5
[debug] [2024-04-28T10:06:25.033Z] Platform:      win32
[debug] [2024-04-28T10:06:25.033Z] Node Version:  v20.11.1
[debug] [2024-04-28T10:06:25.033Z] Time:          Sun Apr 28 2024 13:06:25 GMT+0300 (Eastern European Summer Time)
[debug] [2024-04-28T10:06:25.033Z] ----------------------------------------------------------------------
[debug] 
[debug] [2024-04-28T10:06:25.038Z] > command requires scopes: ["email","openid","https://www.googleapis.com/auth/cloudplatformprojects.readonly","https://www.googleapis.com/auth/firebase","https://www.googleapis.com/auth/cloud-platform"]
[debug] [2024-04-28T10:06:25.038Z] > authorizing via signed-in user (yousefalaa202@gmail.com)
[info] 
     ######## #### ########  ######## ########     ###     ######  ########
     ##        ##  ##     ## ##       ##     ##  ##   ##  ##       ##
     ######    ##  ########  ######   ########  #########  ######  ######
     ##        ##  ##    ##  ##       ##     ## ##     ##       ## ##
     ##       #### ##     ## ######## ########  ##     ##  ######  ########

You're about to initialize a Firebase project in this directory:

  D:\coding\projects\react-projects\firebase-react-crud

[info] 
=== Project Setup
[info] 
[info] First, let's associate this project directory with a Firebase project.
[info] You can create multiple project aliases by running firebase use --add, 
[info] but for now we'll just set up a default project.
[info] 
[debug] [2024-04-28T10:07:45.442Z] >>> [apiv2][query] GET https://firebase.googleapis.com/v1beta1/projects pageSize=100
[debug] [2024-04-28T10:07:46.078Z] <<< [apiv2][status] GET https://firebase.googleapis.com/v1beta1/projects 200
[debug] [2024-04-28T10:07:46.078Z] <<< [apiv2][body] GET https://firebase.googleapis.com/v1beta1/projects [omitted]
[info] i  Using project fir-course-10f85 (firebase-course) 
[info] 
=== Hosting Setup
[debug] [2024-04-28T10:08:23.234Z] >>> [apiv2][query] GET https://firebase.googleapis.com/v1beta1/projects/fir-course-10f85 [none]
[debug] [2024-04-28T10:08:23.604Z] <<< [apiv2][status] GET https://firebase.googleapis.com/v1beta1/projects/fir-course-10f85 200
[debug] [2024-04-28T10:08:23.604Z] <<< [apiv2][body] GET https://firebase.googleapis.com/v1beta1/projects/fir-course-10f85 {"projectId":"fir-course-10f85","projectNumber":"736121465410","displayName":"firebase-course","name":"projects/fir-course-10f85","resources":{"hostingSite":"fir-course-10f85","storageBucket":"fir-course-10f85.appspot.com","locationId":"us-central"},"state":"ACTIVE","etag":"1_68113449-ed98-439d-a653-a6a0f0435c0f"}
[info] 
[info] Your public directory is the folder (relative to your project directory) that
[info] will contain Hosting assets to be uploaded with firebase deploy. If you
[info] have a build process for your assets, use your build's output directory.
[info] 
[info] +  Wrote public/404.html 
[debug] [2024-04-28T10:09:45.593Z] >>> [apiv2][query] GET https://www.gstatic.com/firebasejs/releases.json [none]
[debug] [2024-04-28T10:09:45.858Z] <<< [apiv2][status] GET https://www.gstatic.com/firebasejs/releases.json 200
[debug] [2024-04-28T10:09:45.858Z] <<< [apiv2][body] GET https://www.gstatic.com/firebasejs/releases.json {"current":{"version":"10.11.1","browserURL":"https://www.gstatic.com/firebasejs/10.11.1/firebase.js","packageURL":"https://www.gstatic.com/firebasejs/10.11.1/firebase.tgz"},"live":{"version":"10.11","browserURL":"https://www.gstatic.com/firebasejs/live/10.11/firebase.js","packageURL":"https://www.gstatic.com/firebasejs/live/10.11/firebase.tgz"},"components":{"analytics":"https://www.gstatic.com/firebasejs/10.11.1/firebase-analytics.js","app":"https://www.gstatic.com/firebasejs/10.11.1/firebase-app.js","app-check":"https://www.gstatic.com/firebasejs/10.11.1/firebase-app-check.js","auth":"https://www.gstatic.com/firebasejs/10.11.1/firebase-auth.js","auth/cordova":"https://www.gstatic.com/firebasejs/10.11.1/firebase-auth/cordova.js","auth/web-extension":"https://www.gstatic.com/firebasejs/10.11.1/firebase-auth/web-extension.js","functions":"https://www.gstatic.com/firebasejs/10.11.1/firebase-functions.js","firestore":"https://www.gstatic.com/firebasejs/10.11.1/firebase-firestore.js","firestore/lite":"https://www.gstatic.com/firebasejs/10.11.1/firebase-firestore/lite.js","installations":"https://www.gstatic.com/firebasejs/10.11.1/firebase-installations.js","storage":"https://www.gstatic.com/firebasejs/10.11.1/firebase-storage.js","performance":"https://www.gstatic.com/firebasejs/10.11.1/firebase-performance.js","remote-config":"https://www.gstatic.com/firebasejs/10.11.1/firebase-remote-config.js","messaging":"https://www.gstatic.com/firebasejs/10.11.1/firebase-messaging.js","messaging/sw":"https://www.gstatic.com/firebasejs/10.11.1/firebase-messaging/sw.js","database":"https://www.gstatic.com/firebasejs/10.11.1/firebase-database.js","firestore.memory":"https://www.gstatic.com/firebasejs/10.11.1/firebase-firestore.memory.js"}}
[info] i  Skipping write of public/index.html 
[info] 
[info] i  Detected a .git folder at D:\coding\projects\react-projects\firebase-react-crud 
[info] i  Authorizing with GitHub to upload your service account to a GitHub repository's secrets store. 
[info] 
[info] Visit this URL on this device to log in:
[info] https://github.com/login/oauth/authorize?client_id=89cf50f02ac6aaed3484&state=575948713&redirect_uri=http%3A%2F%2Flocalhost%3A9005&scope=read%3Auser%20repo%20public_repo
[info] 
[info] Waiting for authentication...
[debug] [2024-04-28T10:10:12.368Z] >>> [apiv2][query] POST https://github.com/login/oauth/access_token [none]
[debug] [2024-04-28T10:10:12.368Z] >>> [apiv2][body] POST https://github.com/login/oauth/access_token [stream]
[debug] [2024-04-28T10:10:12.842Z] <<< [apiv2][status] POST https://github.com/login/oauth/access_token 200
[debug] [2024-04-28T10:10:12.842Z] <<< [apiv2][body] POST https://github.com/login/oauth/access_token {"access_token":"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","token_type":"bearer","scope":"read:user,repo"}
[debug] [2024-04-28T10:10:12.848Z] >>> [apiv2][query] GET https://api.github.com/user [none]
[debug] [2024-04-28T10:10:13.779Z] <<< [apiv2][status] GET https://api.github.com/user 200
[debug] [2024-04-28T10:10:13.780Z] <<< [apiv2][body] GET https://api.github.com/user {"login":"youssef-ala","id":91907671,"node_id":"U_kgDOBXpmVw","avatar_url":"https://avatars.githubusercontent.com/u/91907671?v=4","gravatar_id":"","url":"https://api.github.com/users/youssef-ala","html_url":"https://github.com/youssef-ala","followers_url":"https://api.github.com/users/youssef-ala/followers","following_url":"https://api.github.com/users/youssef-ala/following{/other_user}","gists_url":"https://api.github.com/users/youssef-ala/gists{/gist_id}","starred_url":"https://api.github.com/users/youssef-ala/starred{/owner}{/repo}","subscriptions_url":"https://api.github.com/users/youssef-ala/subscriptions","organizations_url":"https://api.github.com/users/youssef-ala/orgs","repos_url":"https://api.github.com/users/youssef-ala/repos","events_url":"https://api.github.com/users/youssef-ala/events{/privacy}","received_events_url":"https://api.github.com/users/youssef-ala/received_events","type":"User","site_admin":false,"name":null,"company":null,"blog":"","location":null,"email":null,"hireable":null,"bio":null,"twitter_username":null,"public_repos":13,"public_gists":0,"followers":0,"following":1,"created_at":"2021-10-04T17:04:49Z","updated_at":"2024-04-20T11:12:50Z","private_gists":0,"total_private_repos":1,"owned_private_repos":1,"disk_usage":29927,"collaborators":0,"two_factor_authentication":false,"plan":{"name":"free","space":976562499,"collaborators":0,"private_repos":10000}}
[info] 
[info] +  Success! Logged into GitHub as youssef-ala 
[info] 
